CRITICAL - 2020-06-15 12:43:01 --> syntax error, unexpected '}', expecting ',' or ';'
#0 C:\xampp\htdocs\rpg\vendor\codeigniter4\framework\system\Autoloader\Autoloader.php(296): CodeIgniter\Autoloader\Autoloader->requireFile('C:\\xampp\\htdocs...')
#1 C:\xampp\htdocs\rpg\vendor\codeigniter4\framework\system\Autoloader\Autoloader.php(258): CodeIgniter\Autoloader\Autoloader->loadInNamespace('App\\Controllers...')
#2 [internal function]: CodeIgniter\Autoloader\Autoloader->loadClass('App\\Controllers...')
#3 [internal function]: spl_autoload_call('App\\Controllers...')
#4 C:\xampp\htdocs\rpg\vendor\codeigniter4\framework\system\CodeIgniter.php(865): class_exists('\\App\\Controller...', true)
#5 C:\xampp\htdocs\rpg\vendor\codeigniter4\framework\system\CodeIgniter.php(390): CodeIgniter\CodeIgniter->startController()
#6 C:\xampp\htdocs\rpg\vendor\codeigniter4\framework\system\CodeIgniter.php(308): CodeIgniter\CodeIgniter->handleRequest(NULL, Object(Config\Cache), false)
#7 C:\xampp\htdocs\rpg\public\index.php(45): CodeIgniter\CodeIgniter->run()
#8 C:\xampp\htdocs\rpg\vendor\codeigniter4\framework\system\Commands\Server\rewrite.php(34): require_once('C:\\xampp\\htdocs...')
#9 {main}
CRITICAL - 2020-06-15 13:40:00 --> Undefined property: CodeIgniter\View\View::$session
#0 C:\xampp\htdocs\rpg\app\Views\templates\footer.php(8): CodeIgniter\Debug\Exceptions->errorHandler(8, 'Undefined prope...', 'C:\\xampp\\htdocs...', 8, Array)
#1 C:\xampp\htdocs\rpg\vendor\codeigniter4\framework\system\View\View.php(246): include('C:\\xampp\\htdocs...')
#2 C:\xampp\htdocs\rpg\vendor\codeigniter4\framework\system\Common.php(1087): CodeIgniter\View\View->render('templates/foote...', Array, true)
#3 C:\xampp\htdocs\rpg\app\Controllers\Auth.php(22): view('templates/foote...')
#4 C:\xampp\htdocs\rpg\vendor\codeigniter4\framework\system\CodeIgniter.php(914): App\Controllers\Auth->index()
#5 C:\xampp\htdocs\rpg\vendor\codeigniter4\framework\system\CodeIgniter.php(400): CodeIgniter\CodeIgniter->runController(Object(App\Controllers\Auth))
#6 C:\xampp\htdocs\rpg\vendor\codeigniter4\framework\system\CodeIgniter.php(308): CodeIgniter\CodeIgniter->handleRequest(NULL, Object(Config\Cache), false)
#7 C:\xampp\htdocs\rpg\public\index.php(45): CodeIgniter\CodeIgniter->run()
#8 C:\xampp\htdocs\rpg\vendor\codeigniter4\framework\system\Commands\Server\rewrite.php(34): require_once('C:\\xampp\\htdocs...')
#9 {main}
CRITICAL - 2020-06-15 13:40:25 --> Call to undefined method CodeIgniter\View\View::session()
#0 C:\xampp\htdocs\rpg\vendor\codeigniter4\framework\system\View\View.php(246): include()
#1 C:\xampp\htdocs\rpg\vendor\codeigniter4\framework\system\Common.php(1087): CodeIgniter\View\View->render('templates/foote...', Array, true)
#2 C:\xampp\htdocs\rpg\app\Controllers\Auth.php(22): view('templates/foote...')
#3 C:\xampp\htdocs\rpg\vendor\codeigniter4\framework\system\CodeIgniter.php(914): App\Controllers\Auth->index()
#4 C:\xampp\htdocs\rpg\vendor\codeigniter4\framework\system\CodeIgniter.php(400): CodeIgniter\CodeIgniter->runController(Object(App\Controllers\Auth))
#5 C:\xampp\htdocs\rpg\vendor\codeigniter4\framework\system\CodeIgniter.php(308): CodeIgniter\CodeIgniter->handleRequest(NULL, Object(Config\Cache), false)
#6 C:\xampp\htdocs\rpg\public\index.php(45): CodeIgniter\CodeIgniter->run()
#7 C:\xampp\htdocs\rpg\vendor\codeigniter4\framework\system\Commands\Server\rewrite.php(34): require_once('C:\\xampp\\htdocs...')
#8 {main}
CRITICAL - 2020-06-15 13:40:43 --> Call to undefined method CodeIgniter\Session\Session::flashdata()
#0 C:\xampp\htdocs\rpg\vendor\codeigniter4\framework\system\View\View.php(246): include()
#1 C:\xampp\htdocs\rpg\vendor\codeigniter4\framework\system\Common.php(1087): CodeIgniter\View\View->render('templates/foote...', Array, true)
#2 C:\xampp\htdocs\rpg\app\Controllers\Auth.php(22): view('templates/foote...')
#3 C:\xampp\htdocs\rpg\vendor\codeigniter4\framework\system\CodeIgniter.php(914): App\Controllers\Auth->index()
#4 C:\xampp\htdocs\rpg\vendor\codeigniter4\framework\system\CodeIgniter.php(400): CodeIgniter\CodeIgniter->runController(Object(App\Controllers\Auth))
#5 C:\xampp\htdocs\rpg\vendor\codeigniter4\framework\system\CodeIgniter.php(308): CodeIgniter\CodeIgniter->handleRequest(NULL, Object(Config\Cache), false)
#6 C:\xampp\htdocs\rpg\public\index.php(45): CodeIgniter\CodeIgniter->run()
#7 C:\xampp\htdocs\rpg\vendor\codeigniter4\framework\system\Commands\Server\rewrite.php(34): require_once('C:\\xampp\\htdocs...')
#8 {main}
CRITICAL - 2020-06-15 16:40:38 --> syntax error, unexpected 'endif' (T_ENDIF), expecting end of file
#0 C:\xampp\htdocs\rpg\vendor\codeigniter4\framework\system\Common.php(1087): CodeIgniter\View\View->render('register.php', Array, true)
#1 C:\xampp\htdocs\rpg\app\Controllers\Auth.php(47): view('register.php')
#2 C:\xampp\htdocs\rpg\vendor\codeigniter4\framework\system\CodeIgniter.php(914): App\Controllers\Auth->UserRegister()
#3 C:\xampp\htdocs\rpg\vendor\codeigniter4\framework\system\CodeIgniter.php(400): CodeIgniter\CodeIgniter->runController(Object(App\Controllers\Auth))
#4 C:\xampp\htdocs\rpg\vendor\codeigniter4\framework\system\CodeIgniter.php(308): CodeIgniter\CodeIgniter->handleRequest(NULL, Object(Config\Cache), false)
#5 C:\xampp\htdocs\rpg\public\index.php(45): CodeIgniter\CodeIgniter->run()
#6 C:\xampp\htdocs\rpg\vendor\codeigniter4\framework\system\Commands\Server\rewrite.php(34): require_once('C:\\xampp\\htdocs...')
#7 {main}
CRITICAL - 2020-06-15 16:40:50 --> syntax error, unexpected 'endif' (T_ENDIF), expecting end of file
#0 C:\xampp\htdocs\rpg\vendor\codeigniter4\framework\system\Common.php(1087): CodeIgniter\View\View->render('register.php', Array, true)
#1 C:\xampp\htdocs\rpg\app\Controllers\Auth.php(47): view('register.php')
#2 C:\xampp\htdocs\rpg\vendor\codeigniter4\framework\system\CodeIgniter.php(914): App\Controllers\Auth->UserRegister()
#3 C:\xampp\htdocs\rpg\vendor\codeigniter4\framework\system\CodeIgniter.php(400): CodeIgniter\CodeIgniter->runController(Object(App\Controllers\Auth))
#4 C:\xampp\htdocs\rpg\vendor\codeigniter4\framework\system\CodeIgniter.php(308): CodeIgniter\CodeIgniter->handleRequest(NULL, Object(Config\Cache), false)
#5 C:\xampp\htdocs\rpg\public\index.php(45): CodeIgniter\CodeIgniter->run()
#6 C:\xampp\htdocs\rpg\vendor\codeigniter4\framework\system\Commands\Server\rewrite.php(34): require_once('C:\\xampp\\htdocs...')
#7 {main}
CRITICAL - 2020-06-15 16:41:02 --> Class 'Myth\Auth\Authentication\Passwords\ValidationRules' not found
#0 C:\xampp\htdocs\rpg\vendor\codeigniter4\framework\system\Validation\Validation.php(147): CodeIgniter\Validation\Validation->loadRuleSets()
#1 C:\xampp\htdocs\rpg\vendor\codeigniter4\framework\system\Controller.php(219): CodeIgniter\Validation\Validation->run()
#2 C:\xampp\htdocs\rpg\app\Controllers\Auth.php(39): CodeIgniter\Controller->validate(Array)
#3 C:\xampp\htdocs\rpg\vendor\codeigniter4\framework\system\CodeIgniter.php(914): App\Controllers\Auth->UserRegister()
#4 C:\xampp\htdocs\rpg\vendor\codeigniter4\framework\system\CodeIgniter.php(400): CodeIgniter\CodeIgniter->runController(Object(App\Controllers\Auth))
#5 C:\xampp\htdocs\rpg\vendor\codeigniter4\framework\system\CodeIgniter.php(308): CodeIgniter\CodeIgniter->handleRequest(NULL, Object(Config\Cache), false)
#6 C:\xampp\htdocs\rpg\public\index.php(45): CodeIgniter\CodeIgniter->run()
#7 C:\xampp\htdocs\rpg\vendor\codeigniter4\framework\system\Commands\Server\rewrite.php(34): require_once('C:\\xampp\\htdocs...')
#8 {main}
CRITICAL - 2020-06-15 16:43:16 --> Class 'Myth\Auth\Authentication\Passwords\ValidationRules' not found
#0 C:\xampp\htdocs\rpg\vendor\codeigniter4\framework\system\Validation\Validation.php(147): CodeIgniter\Validation\Validation->loadRuleSets()
#1 C:\xampp\htdocs\rpg\vendor\codeigniter4\framework\system\Controller.php(219): CodeIgniter\Validation\Validation->run()
#2 C:\xampp\htdocs\rpg\app\Controllers\Auth.php(39): CodeIgniter\Controller->validate(Array)
#3 C:\xampp\htdocs\rpg\vendor\codeigniter4\framework\system\CodeIgniter.php(914): App\Controllers\Auth->UserRegister()
#4 C:\xampp\htdocs\rpg\vendor\codeigniter4\framework\system\CodeIgniter.php(400): CodeIgniter\CodeIgniter->runController(Object(App\Controllers\Auth))
#5 C:\xampp\htdocs\rpg\vendor\codeigniter4\framework\system\CodeIgniter.php(308): CodeIgniter\CodeIgniter->handleRequest(NULL, Object(Config\Cache), false)
#6 C:\xampp\htdocs\rpg\public\index.php(45): CodeIgniter\CodeIgniter->run()
#7 C:\xampp\htdocs\rpg\vendor\codeigniter4\framework\system\Commands\Server\rewrite.php(34): require_once('C:\\xampp\\htdocs...')
#8 {main}
CRITICAL - 2020-06-15 16:47:36 --> Class 'Myth\Auth\Authentication\Passwords\ValidationRules' not found
#0 C:\xampp\htdocs\rpg\vendor\codeigniter4\framework\system\Validation\Validation.php(147): CodeIgniter\Validation\Validation->loadRuleSets()
#1 C:\xampp\htdocs\rpg\vendor\codeigniter4\framework\system\Controller.php(219): CodeIgniter\Validation\Validation->run()
#2 C:\xampp\htdocs\rpg\app\Controllers\Auth.php(39): CodeIgniter\Controller->validate(Array)
#3 C:\xampp\htdocs\rpg\vendor\codeigniter4\framework\system\CodeIgniter.php(914): App\Controllers\Auth->UserRegister()
#4 C:\xampp\htdocs\rpg\vendor\codeigniter4\framework\system\CodeIgniter.php(400): CodeIgniter\CodeIgniter->runController(Object(App\Controllers\Auth))
#5 C:\xampp\htdocs\rpg\vendor\codeigniter4\framework\system\CodeIgniter.php(308): CodeIgniter\CodeIgniter->handleRequest(NULL, Object(Config\Cache), false)
#6 C:\xampp\htdocs\rpg\public\index.php(45): CodeIgniter\CodeIgniter->run()
#7 C:\xampp\htdocs\rpg\vendor\codeigniter4\framework\system\Commands\Server\rewrite.php(34): require_once('C:\\xampp\\htdocs...')
#8 {main}
