CRITICAL - 2020-06-21 13:29:14 --> Call to undefined function random_string()
#0 C:\xampp\htdocs\rpg\vendor\codeigniter4\framework\system\View\View.php(246): include()
#1 C:\xampp\htdocs\rpg\vendor\codeigniter4\framework\system\Common.php(1087): CodeIgniter\View\View->render('/match', Array, true)
#2 C:\xampp\htdocs\rpg\app\Controllers\MatchController.php(51): view('/match', Array)
#3 C:\xampp\htdocs\rpg\vendor\codeigniter4\framework\system\CodeIgniter.php(914): App\Controllers\MatchController->MatchSimulation()
#4 C:\xampp\htdocs\rpg\vendor\codeigniter4\framework\system\CodeIgniter.php(400): CodeIgniter\CodeIgniter->runController(Object(App\Controllers\MatchController))
#5 C:\xampp\htdocs\rpg\vendor\codeigniter4\framework\system\CodeIgniter.php(308): CodeIgniter\CodeIgniter->handleRequest(NULL, Object(Config\Cache), false)
#6 C:\xampp\htdocs\rpg\public\index.php(45): CodeIgniter\CodeIgniter->run()
#7 C:\xampp\htdocs\rpg\vendor\codeigniter4\framework\system\Commands\Server\rewrite.php(34): require_once('C:\\xampp\\htdocs...')
#8 {main}
CRITICAL - 2020-06-21 13:30:15 --> Call to undefined function App\Controllers\random_string()
#0 C:\xampp\htdocs\rpg\vendor\codeigniter4\framework\system\CodeIgniter.php(914): App\Controllers\MatchController->MatchSimulation()
#1 C:\xampp\htdocs\rpg\vendor\codeigniter4\framework\system\CodeIgniter.php(400): CodeIgniter\CodeIgniter->runController(Object(App\Controllers\MatchController))
#2 C:\xampp\htdocs\rpg\vendor\codeigniter4\framework\system\CodeIgniter.php(308): CodeIgniter\CodeIgniter->handleRequest(NULL, Object(Config\Cache), false)
#3 C:\xampp\htdocs\rpg\public\index.php(45): CodeIgniter\CodeIgniter->run()
#4 C:\xampp\htdocs\rpg\vendor\codeigniter4\framework\system\Commands\Server\rewrite.php(34): require_once('C:\\xampp\\htdocs...')
#5 {main}
CRITICAL - 2020-06-21 13:59:17 --> Undefined index: playerHP
#0 C:\xampp\htdocs\rpg\app\Views\match.php(9): CodeIgniter\Debug\Exceptions->errorHandler(8, 'Undefined index...', 'C:\\xampp\\htdocs...', 9, Array)
#1 C:\xampp\htdocs\rpg\vendor\codeigniter4\framework\system\View\View.php(246): include('C:\\xampp\\htdocs...')
#2 C:\xampp\htdocs\rpg\vendor\codeigniter4\framework\system\Common.php(1087): CodeIgniter\View\View->render('/match', Array, true)
#3 C:\xampp\htdocs\rpg\app\Controllers\MatchController.php(55): view('/match', Array)
#4 C:\xampp\htdocs\rpg\vendor\codeigniter4\framework\system\CodeIgniter.php(914): App\Controllers\MatchController->MatchSimulation()
#5 C:\xampp\htdocs\rpg\vendor\codeigniter4\framework\system\CodeIgniter.php(400): CodeIgniter\CodeIgniter->runController(Object(App\Controllers\MatchController))
#6 C:\xampp\htdocs\rpg\vendor\codeigniter4\framework\system\CodeIgniter.php(308): CodeIgniter\CodeIgniter->handleRequest(NULL, Object(Config\Cache), false)
#7 C:\xampp\htdocs\rpg\public\index.php(45): CodeIgniter\CodeIgniter->run()
#8 C:\xampp\htdocs\rpg\vendor\codeigniter4\framework\system\Commands\Server\rewrite.php(34): require_once('C:\\xampp\\htdocs...')
#9 {main}
CRITICAL - 2020-06-21 13:59:53 --> Undefined index: playerHP
#0 C:\xampp\htdocs\rpg\app\Views\match.php(9): CodeIgniter\Debug\Exceptions->errorHandler(8, 'Undefined index...', 'C:\\xampp\\htdocs...', 9, Array)
#1 C:\xampp\htdocs\rpg\vendor\codeigniter4\framework\system\View\View.php(246): include('C:\\xampp\\htdocs...')
#2 C:\xampp\htdocs\rpg\vendor\codeigniter4\framework\system\Common.php(1087): CodeIgniter\View\View->render('/match', Array, true)
#3 C:\xampp\htdocs\rpg\app\Controllers\MatchController.php(55): view('/match', Array)
#4 C:\xampp\htdocs\rpg\vendor\codeigniter4\framework\system\CodeIgniter.php(914): App\Controllers\MatchController->MatchSimulation()
#5 C:\xampp\htdocs\rpg\vendor\codeigniter4\framework\system\CodeIgniter.php(400): CodeIgniter\CodeIgniter->runController(Object(App\Controllers\MatchController))
#6 C:\xampp\htdocs\rpg\vendor\codeigniter4\framework\system\CodeIgniter.php(308): CodeIgniter\CodeIgniter->handleRequest(NULL, Object(Config\Cache), false)
#7 C:\xampp\htdocs\rpg\public\index.php(45): CodeIgniter\CodeIgniter->run()
#8 C:\xampp\htdocs\rpg\vendor\codeigniter4\framework\system\Commands\Server\rewrite.php(34): require_once('C:\\xampp\\htdocs...')
#9 {main}
CRITICAL - 2020-06-21 13:59:55 --> Undefined index: playerHP
#0 C:\xampp\htdocs\rpg\app\Views\match.php(9): CodeIgniter\Debug\Exceptions->errorHandler(8, 'Undefined index...', 'C:\\xampp\\htdocs...', 9, Array)
#1 C:\xampp\htdocs\rpg\vendor\codeigniter4\framework\system\View\View.php(246): include('C:\\xampp\\htdocs...')
#2 C:\xampp\htdocs\rpg\vendor\codeigniter4\framework\system\Common.php(1087): CodeIgniter\View\View->render('/match', Array, true)
#3 C:\xampp\htdocs\rpg\app\Controllers\MatchController.php(55): view('/match', Array)
#4 C:\xampp\htdocs\rpg\vendor\codeigniter4\framework\system\CodeIgniter.php(914): App\Controllers\MatchController->MatchSimulation()
#5 C:\xampp\htdocs\rpg\vendor\codeigniter4\framework\system\CodeIgniter.php(400): CodeIgniter\CodeIgniter->runController(Object(App\Controllers\MatchController))
#6 C:\xampp\htdocs\rpg\vendor\codeigniter4\framework\system\CodeIgniter.php(308): CodeIgniter\CodeIgniter->handleRequest(NULL, Object(Config\Cache), false)
#7 C:\xampp\htdocs\rpg\public\index.php(45): CodeIgniter\CodeIgniter->run()
#8 C:\xampp\htdocs\rpg\vendor\codeigniter4\framework\system\Commands\Server\rewrite.php(34): require_once('C:\\xampp\\htdocs...')
#9 {main}
CRITICAL - 2020-06-21 14:01:21 --> Undefined variable: dd
#0 C:\xampp\htdocs\rpg\app\Views\match.php(8): CodeIgniter\Debug\Exceptions->errorHandler(8, 'Undefined varia...', 'C:\\xampp\\htdocs...', 8, Array)
#1 C:\xampp\htdocs\rpg\vendor\codeigniter4\framework\system\View\View.php(246): include('C:\\xampp\\htdocs...')
#2 C:\xampp\htdocs\rpg\vendor\codeigniter4\framework\system\Common.php(1087): CodeIgniter\View\View->render('/match', Array, true)
#3 C:\xampp\htdocs\rpg\app\Controllers\MatchController.php(55): view('/match', Array)
#4 C:\xampp\htdocs\rpg\vendor\codeigniter4\framework\system\CodeIgniter.php(914): App\Controllers\MatchController->MatchSimulation()
#5 C:\xampp\htdocs\rpg\vendor\codeigniter4\framework\system\CodeIgniter.php(400): CodeIgniter\CodeIgniter->runController(Object(App\Controllers\MatchController))
#6 C:\xampp\htdocs\rpg\vendor\codeigniter4\framework\system\CodeIgniter.php(308): CodeIgniter\CodeIgniter->handleRequest(NULL, Object(Config\Cache), false)
#7 C:\xampp\htdocs\rpg\public\index.php(45): CodeIgniter\CodeIgniter->run()
#8 C:\xampp\htdocs\rpg\vendor\codeigniter4\framework\system\Commands\Server\rewrite.php(34): require_once('C:\\xampp\\htdocs...')
#9 {main}
CRITICAL - 2020-06-21 14:02:15 --> Undefined variable: player
#0 C:\xampp\htdocs\rpg\app\Views\match.php(11): CodeIgniter\Debug\Exceptions->errorHandler(8, 'Undefined varia...', 'C:\\xampp\\htdocs...', 11, Array)
#1 C:\xampp\htdocs\rpg\vendor\codeigniter4\framework\system\View\View.php(246): include('C:\\xampp\\htdocs...')
#2 C:\xampp\htdocs\rpg\vendor\codeigniter4\framework\system\Common.php(1087): CodeIgniter\View\View->render('/match', Array, true)
#3 C:\xampp\htdocs\rpg\app\Controllers\MatchController.php(55): view('/match', Array)
#4 C:\xampp\htdocs\rpg\vendor\codeigniter4\framework\system\CodeIgniter.php(914): App\Controllers\MatchController->MatchSimulation()
#5 C:\xampp\htdocs\rpg\vendor\codeigniter4\framework\system\CodeIgniter.php(400): CodeIgniter\CodeIgniter->runController(Object(App\Controllers\MatchController))
#6 C:\xampp\htdocs\rpg\vendor\codeigniter4\framework\system\CodeIgniter.php(308): CodeIgniter\CodeIgniter->handleRequest(NULL, Object(Config\Cache), false)
#7 C:\xampp\htdocs\rpg\public\index.php(45): CodeIgniter\CodeIgniter->run()
#8 C:\xampp\htdocs\rpg\vendor\codeigniter4\framework\system\Commands\Server\rewrite.php(34): require_once('C:\\xampp\\htdocs...')
#9 {main}
CRITICAL - 2020-06-21 14:10:43 --> Undefined variable: battle
#0 C:\xampp\htdocs\rpg\app\Views\match.php(9): CodeIgniter\Debug\Exceptions->errorHandler(8, 'Undefined varia...', 'C:\\xampp\\htdocs...', 9, Array)
#1 C:\xampp\htdocs\rpg\vendor\codeigniter4\framework\system\View\View.php(246): include('C:\\xampp\\htdocs...')
#2 C:\xampp\htdocs\rpg\vendor\codeigniter4\framework\system\Common.php(1087): CodeIgniter\View\View->render('/match', Array, true)
#3 C:\xampp\htdocs\rpg\app\Controllers\MatchController.php(51): view('/match', Array)
#4 C:\xampp\htdocs\rpg\vendor\codeigniter4\framework\system\CodeIgniter.php(914): App\Controllers\MatchController->MatchSimulation()
#5 C:\xampp\htdocs\rpg\vendor\codeigniter4\framework\system\CodeIgniter.php(400): CodeIgniter\CodeIgniter->runController(Object(App\Controllers\MatchController))
#6 C:\xampp\htdocs\rpg\vendor\codeigniter4\framework\system\CodeIgniter.php(308): CodeIgniter\CodeIgniter->handleRequest(NULL, Object(Config\Cache), false)
#7 C:\xampp\htdocs\rpg\public\index.php(45): CodeIgniter\CodeIgniter->run()
#8 C:\xampp\htdocs\rpg\vendor\codeigniter4\framework\system\Commands\Server\rewrite.php(34): require_once('C:\\xampp\\htdocs...')
#9 {main}
CRITICAL - 2020-06-21 14:11:49 --> Undefined variable: battle
#0 C:\xampp\htdocs\rpg\app\Views\match.php(9): CodeIgniter\Debug\Exceptions->errorHandler(8, 'Undefined varia...', 'C:\\xampp\\htdocs...', 9, Array)
#1 C:\xampp\htdocs\rpg\vendor\codeigniter4\framework\system\View\View.php(246): include('C:\\xampp\\htdocs...')
#2 C:\xampp\htdocs\rpg\vendor\codeigniter4\framework\system\Common.php(1087): CodeIgniter\View\View->render('/match', Array, true)
#3 C:\xampp\htdocs\rpg\app\Controllers\MatchController.php(57): view('/match', Array)
#4 C:\xampp\htdocs\rpg\vendor\codeigniter4\framework\system\CodeIgniter.php(914): App\Controllers\MatchController->MatchSimulation()
#5 C:\xampp\htdocs\rpg\vendor\codeigniter4\framework\system\CodeIgniter.php(400): CodeIgniter\CodeIgniter->runController(Object(App\Controllers\MatchController))
#6 C:\xampp\htdocs\rpg\vendor\codeigniter4\framework\system\CodeIgniter.php(308): CodeIgniter\CodeIgniter->handleRequest(NULL, Object(Config\Cache), false)
#7 C:\xampp\htdocs\rpg\public\index.php(45): CodeIgniter\CodeIgniter->run()
#8 C:\xampp\htdocs\rpg\vendor\codeigniter4\framework\system\Commands\Server\rewrite.php(34): require_once('C:\\xampp\\htdocs...')
#9 {main}
CRITICAL - 2020-06-21 14:12:01 --> Undefined variable: battle
#0 C:\xampp\htdocs\rpg\app\Views\match.php(9): CodeIgniter\Debug\Exceptions->errorHandler(8, 'Undefined varia...', 'C:\\xampp\\htdocs...', 9, Array)
#1 C:\xampp\htdocs\rpg\vendor\codeigniter4\framework\system\View\View.php(246): include('C:\\xampp\\htdocs...')
#2 C:\xampp\htdocs\rpg\vendor\codeigniter4\framework\system\Common.php(1087): CodeIgniter\View\View->render('/match', Array, true)
#3 C:\xampp\htdocs\rpg\app\Controllers\MatchController.php(55): view('/match', Array)
#4 C:\xampp\htdocs\rpg\vendor\codeigniter4\framework\system\CodeIgniter.php(914): App\Controllers\MatchController->MatchSimulation()
#5 C:\xampp\htdocs\rpg\vendor\codeigniter4\framework\system\CodeIgniter.php(400): CodeIgniter\CodeIgniter->runController(Object(App\Controllers\MatchController))
#6 C:\xampp\htdocs\rpg\vendor\codeigniter4\framework\system\CodeIgniter.php(308): CodeIgniter\CodeIgniter->handleRequest(NULL, Object(Config\Cache), false)
#7 C:\xampp\htdocs\rpg\public\index.php(45): CodeIgniter\CodeIgniter->run()
#8 C:\xampp\htdocs\rpg\vendor\codeigniter4\framework\system\Commands\Server\rewrite.php(34): require_once('C:\\xampp\\htdocs...')
#9 {main}
CRITICAL - 2020-06-21 14:16:25 --> Can't use method return value in write context
#0 [internal function]: CodeIgniter\Debug\Exceptions->shutdownHandler()
#1 {main}
CRITICAL - 2020-06-21 14:21:02 --> syntax error, unexpected '->' (T_OBJECT_OPERATOR), expecting ';'
#0 C:\xampp\htdocs\rpg\vendor\codeigniter4\framework\system\Autoloader\Autoloader.php(296): CodeIgniter\Autoloader\Autoloader->requireFile('C:\\xampp\\htdocs...')
#1 C:\xampp\htdocs\rpg\vendor\codeigniter4\framework\system\Autoloader\Autoloader.php(258): CodeIgniter\Autoloader\Autoloader->loadInNamespace('App\\Controllers...')
#2 [internal function]: CodeIgniter\Autoloader\Autoloader->loadClass('App\\Controllers...')
#3 [internal function]: spl_autoload_call('App\\Controllers...')
#4 C:\xampp\htdocs\rpg\vendor\codeigniter4\framework\system\CodeIgniter.php(865): class_exists('\\App\\Controller...', true)
#5 C:\xampp\htdocs\rpg\vendor\codeigniter4\framework\system\CodeIgniter.php(390): CodeIgniter\CodeIgniter->startController()
#6 C:\xampp\htdocs\rpg\vendor\codeigniter4\framework\system\CodeIgniter.php(308): CodeIgniter\CodeIgniter->handleRequest(NULL, Object(Config\Cache), false)
#7 C:\xampp\htdocs\rpg\public\index.php(45): CodeIgniter\CodeIgniter->run()
#8 C:\xampp\htdocs\rpg\vendor\codeigniter4\framework\system\Commands\Server\rewrite.php(34): require_once('C:\\xampp\\htdocs...')
#9 {main}
