CRITICAL - 2020-07-15 05:05:14 --> Undefined variable: user
#0 C:\xampp\htdocs\rpg\app\Views\ajax\InventoryList.php(3): CodeIgniter\Debug\Exceptions->errorHandler(8, 'Undefined varia...', 'C:\\xampp\\htdocs...', 3, Array)
#1 C:\xampp\htdocs\rpg\vendor\codeigniter4\framework\system\View\View.php(246): include('C:\\xampp\\htdocs...')
#2 C:\xampp\htdocs\rpg\vendor\codeigniter4\framework\system\Common.php(1087): CodeIgniter\View\View->render('ajax/InventoryL...', Array, true)
#3 C:\xampp\htdocs\rpg\app\Controllers\PlayerController.php(109): view('ajax/InventoryL...', Array)
#4 C:\xampp\htdocs\rpg\vendor\codeigniter4\framework\system\CodeIgniter.php(914): App\Controllers\PlayerController->FindInventory('undefined')
#5 C:\xampp\htdocs\rpg\vendor\codeigniter4\framework\system\CodeIgniter.php(400): CodeIgniter\CodeIgniter->runController(Object(App\Controllers\PlayerController))
#6 C:\xampp\htdocs\rpg\vendor\codeigniter4\framework\system\CodeIgniter.php(308): CodeIgniter\CodeIgniter->handleRequest(NULL, Object(Config\Cache), false)
#7 C:\xampp\htdocs\rpg\public\index.php(45): CodeIgniter\CodeIgniter->run()
#8 C:\xampp\htdocs\rpg\vendor\codeigniter4\framework\system\Commands\Server\rewrite.php(34): require_once('C:\\xampp\\htdocs...')
#9 {main}
CRITICAL - 2020-07-15 05:05:32 --> Undefined index: username
#0 C:\xampp\htdocs\rpg\app\Views\ajax\InventoryList.php(3): CodeIgniter\Debug\Exceptions->errorHandler(8, 'Undefined index...', 'C:\\xampp\\htdocs...', 3, Array)
#1 C:\xampp\htdocs\rpg\vendor\codeigniter4\framework\system\View\View.php(246): include('C:\\xampp\\htdocs...')
#2 C:\xampp\htdocs\rpg\vendor\codeigniter4\framework\system\Common.php(1087): CodeIgniter\View\View->render('ajax/InventoryL...', Array, true)
#3 C:\xampp\htdocs\rpg\app\Controllers\PlayerController.php(109): view('ajax/InventoryL...', Array)
#4 C:\xampp\htdocs\rpg\vendor\codeigniter4\framework\system\CodeIgniter.php(914): App\Controllers\PlayerController->FindInventory('undefined')
#5 C:\xampp\htdocs\rpg\vendor\codeigniter4\framework\system\CodeIgniter.php(400): CodeIgniter\CodeIgniter->runController(Object(App\Controllers\PlayerController))
#6 C:\xampp\htdocs\rpg\vendor\codeigniter4\framework\system\CodeIgniter.php(308): CodeIgniter\CodeIgniter->handleRequest(NULL, Object(Config\Cache), false)
#7 C:\xampp\htdocs\rpg\public\index.php(45): CodeIgniter\CodeIgniter->run()
#8 C:\xampp\htdocs\rpg\vendor\codeigniter4\framework\system\Commands\Server\rewrite.php(34): require_once('C:\\xampp\\htdocs...')
#9 {main}
CRITICAL - 2020-07-15 06:00:45 --> Too few arguments to function App\Controllers\PlayerController::FindInventory(), 0 passed in C:\xampp\htdocs\rpg\vendor\codeigniter4\framework\system\CodeIgniter.php on line 914 and exactly 1 expected
#0 C:\xampp\htdocs\rpg\vendor\codeigniter4\framework\system\CodeIgniter.php(914): App\Controllers\PlayerController->FindInventory()
#1 C:\xampp\htdocs\rpg\vendor\codeigniter4\framework\system\CodeIgniter.php(400): CodeIgniter\CodeIgniter->runController(Object(App\Controllers\PlayerController))
#2 C:\xampp\htdocs\rpg\vendor\codeigniter4\framework\system\CodeIgniter.php(308): CodeIgniter\CodeIgniter->handleRequest(NULL, Object(Config\Cache), false)
#3 C:\xampp\htdocs\rpg\public\index.php(45): CodeIgniter\CodeIgniter->run()
#4 C:\xampp\htdocs\rpg\vendor\codeigniter4\framework\system\Commands\Server\rewrite.php(34): require_once('C:\\xampp\\htdocs...')
#5 {main}
CRITICAL - 2020-07-15 13:43:16 --> Maximum execution time of 60 seconds exceeded
#0 [internal function]: CodeIgniter\Debug\Exceptions->shutdownHandler()
#1 {main}
CRITICAL - 2020-07-15 13:46:15 --> Undefined index: attack
#0 C:\xampp\htdocs\rpg\app\Views\ajax\AtkDef.php(2): CodeIgniter\Debug\Exceptions->errorHandler(8, 'Undefined index...', 'C:\\xampp\\htdocs...', 2, Array)
#1 C:\xampp\htdocs\rpg\vendor\codeigniter4\framework\system\View\View.php(246): include('C:\\xampp\\htdocs...')
#2 C:\xampp\htdocs\rpg\vendor\codeigniter4\framework\system\Common.php(1087): CodeIgniter\View\View->render('ajax/AtkDef.php', Array, true)
#3 C:\xampp\htdocs\rpg\app\Controllers\PlayerController.php(121): view('ajax/AtkDef.php', Array)
#4 C:\xampp\htdocs\rpg\vendor\codeigniter4\framework\system\CodeIgniter.php(914): App\Controllers\PlayerController->UpdateAtkDef()
#5 C:\xampp\htdocs\rpg\vendor\codeigniter4\framework\system\CodeIgniter.php(400): CodeIgniter\CodeIgniter->runController(Object(App\Controllers\PlayerController))
#6 C:\xampp\htdocs\rpg\vendor\codeigniter4\framework\system\CodeIgniter.php(308): CodeIgniter\CodeIgniter->handleRequest(NULL, Object(Config\Cache), false)
#7 C:\xampp\htdocs\rpg\public\index.php(45): CodeIgniter\CodeIgniter->run()
#8 C:\xampp\htdocs\rpg\vendor\codeigniter4\framework\system\Commands\Server\rewrite.php(34): require_once('C:\\xampp\\htdocs...')
#9 {main}
CRITICAL - 2020-07-15 13:46:20 --> Undefined index: attack
#0 C:\xampp\htdocs\rpg\app\Views\ajax\AtkDef.php(2): CodeIgniter\Debug\Exceptions->errorHandler(8, 'Undefined index...', 'C:\\xampp\\htdocs...', 2, Array)
#1 C:\xampp\htdocs\rpg\vendor\codeigniter4\framework\system\View\View.php(246): include('C:\\xampp\\htdocs...')
#2 C:\xampp\htdocs\rpg\vendor\codeigniter4\framework\system\Common.php(1087): CodeIgniter\View\View->render('ajax/AtkDef.php', Array, true)
#3 C:\xampp\htdocs\rpg\app\Controllers\PlayerController.php(121): view('ajax/AtkDef.php', Array)
#4 C:\xampp\htdocs\rpg\vendor\codeigniter4\framework\system\CodeIgniter.php(914): App\Controllers\PlayerController->UpdateAtkDef()
#5 C:\xampp\htdocs\rpg\vendor\codeigniter4\framework\system\CodeIgniter.php(400): CodeIgniter\CodeIgniter->runController(Object(App\Controllers\PlayerController))
#6 C:\xampp\htdocs\rpg\vendor\codeigniter4\framework\system\CodeIgniter.php(308): CodeIgniter\CodeIgniter->handleRequest(NULL, Object(Config\Cache), false)
#7 C:\xampp\htdocs\rpg\public\index.php(45): CodeIgniter\CodeIgniter->run()
#8 C:\xampp\htdocs\rpg\vendor\codeigniter4\framework\system\Commands\Server\rewrite.php(34): require_once('C:\\xampp\\htdocs...')
#9 {main}
CRITICAL - 2020-07-15 13:46:59 --> Undefined index: attack
#0 C:\xampp\htdocs\rpg\app\Views\ajax\AtkDef.php(2): CodeIgniter\Debug\Exceptions->errorHandler(8, 'Undefined index...', 'C:\\xampp\\htdocs...', 2, Array)
#1 C:\xampp\htdocs\rpg\vendor\codeigniter4\framework\system\View\View.php(246): include('C:\\xampp\\htdocs...')
#2 C:\xampp\htdocs\rpg\vendor\codeigniter4\framework\system\Common.php(1087): CodeIgniter\View\View->render('ajax/AtkDef.php', Array, true)
#3 C:\xampp\htdocs\rpg\app\Controllers\PlayerController.php(121): view('ajax/AtkDef.php', Array)
#4 C:\xampp\htdocs\rpg\vendor\codeigniter4\framework\system\CodeIgniter.php(914): App\Controllers\PlayerController->UpdateAtkDef()
#5 C:\xampp\htdocs\rpg\vendor\codeigniter4\framework\system\CodeIgniter.php(400): CodeIgniter\CodeIgniter->runController(Object(App\Controllers\PlayerController))
#6 C:\xampp\htdocs\rpg\vendor\codeigniter4\framework\system\CodeIgniter.php(308): CodeIgniter\CodeIgniter->handleRequest(NULL, Object(Config\Cache), false)
#7 C:\xampp\htdocs\rpg\public\index.php(45): CodeIgniter\CodeIgniter->run()
#8 C:\xampp\htdocs\rpg\vendor\codeigniter4\framework\system\Commands\Server\rewrite.php(34): require_once('C:\\xampp\\htdocs...')
#9 {main}
CRITICAL - 2020-07-15 13:47:04 --> Undefined index: attack
#0 C:\xampp\htdocs\rpg\app\Views\ajax\AtkDef.php(2): CodeIgniter\Debug\Exceptions->errorHandler(8, 'Undefined index...', 'C:\\xampp\\htdocs...', 2, Array)
#1 C:\xampp\htdocs\rpg\vendor\codeigniter4\framework\system\View\View.php(246): include('C:\\xampp\\htdocs...')
#2 C:\xampp\htdocs\rpg\vendor\codeigniter4\framework\system\Common.php(1087): CodeIgniter\View\View->render('ajax/AtkDef.php', Array, true)
#3 C:\xampp\htdocs\rpg\app\Controllers\PlayerController.php(121): view('ajax/AtkDef.php', Array)
#4 C:\xampp\htdocs\rpg\vendor\codeigniter4\framework\system\CodeIgniter.php(914): App\Controllers\PlayerController->UpdateAtkDef()
#5 C:\xampp\htdocs\rpg\vendor\codeigniter4\framework\system\CodeIgniter.php(400): CodeIgniter\CodeIgniter->runController(Object(App\Controllers\PlayerController))
#6 C:\xampp\htdocs\rpg\vendor\codeigniter4\framework\system\CodeIgniter.php(308): CodeIgniter\CodeIgniter->handleRequest(NULL, Object(Config\Cache), false)
#7 C:\xampp\htdocs\rpg\public\index.php(45): CodeIgniter\CodeIgniter->run()
#8 C:\xampp\htdocs\rpg\vendor\codeigniter4\framework\system\Commands\Server\rewrite.php(34): require_once('C:\\xampp\\htdocs...')
#9 {main}
CRITICAL - 2020-07-15 13:48:59 --> syntax error, unexpected '=>' (T_DOUBLE_ARROW), expecting ']'
#0 C:\xampp\htdocs\rpg\vendor\codeigniter4\framework\system\Common.php(1087): CodeIgniter\View\View->render('ajax/AtkDef.php', Array, true)
#1 C:\xampp\htdocs\rpg\app\Controllers\PlayerController.php(121): view('ajax/AtkDef.php', Array)
#2 C:\xampp\htdocs\rpg\vendor\codeigniter4\framework\system\CodeIgniter.php(914): App\Controllers\PlayerController->UpdateAtkDef()
#3 C:\xampp\htdocs\rpg\vendor\codeigniter4\framework\system\CodeIgniter.php(400): CodeIgniter\CodeIgniter->runController(Object(App\Controllers\PlayerController))
#4 C:\xampp\htdocs\rpg\vendor\codeigniter4\framework\system\CodeIgniter.php(308): CodeIgniter\CodeIgniter->handleRequest(NULL, Object(Config\Cache), false)
#5 C:\xampp\htdocs\rpg\public\index.php(45): CodeIgniter\CodeIgniter->run()
#6 C:\xampp\htdocs\rpg\vendor\codeigniter4\framework\system\Commands\Server\rewrite.php(34): require_once('C:\\xampp\\htdocs...')
#7 {main}
CRITICAL - 2020-07-15 13:51:04 --> Undefined index: 0.attack
#0 C:\xampp\htdocs\rpg\app\Views\ajax\AtkDef.php(2): CodeIgniter\Debug\Exceptions->errorHandler(8, 'Undefined index...', 'C:\\xampp\\htdocs...', 2, Array)
#1 C:\xampp\htdocs\rpg\vendor\codeigniter4\framework\system\View\View.php(246): include('C:\\xampp\\htdocs...')
#2 C:\xampp\htdocs\rpg\vendor\codeigniter4\framework\system\Common.php(1087): CodeIgniter\View\View->render('ajax/AtkDef.php', Array, true)
#3 C:\xampp\htdocs\rpg\app\Controllers\PlayerController.php(121): view('ajax/AtkDef.php', Array)
#4 C:\xampp\htdocs\rpg\vendor\codeigniter4\framework\system\CodeIgniter.php(914): App\Controllers\PlayerController->UpdateAtkDef()
#5 C:\xampp\htdocs\rpg\vendor\codeigniter4\framework\system\CodeIgniter.php(400): CodeIgniter\CodeIgniter->runController(Object(App\Controllers\PlayerController))
#6 C:\xampp\htdocs\rpg\vendor\codeigniter4\framework\system\CodeIgniter.php(308): CodeIgniter\CodeIgniter->handleRequest(NULL, Object(Config\Cache), false)
#7 C:\xampp\htdocs\rpg\public\index.php(45): CodeIgniter\CodeIgniter->run()
#8 C:\xampp\htdocs\rpg\vendor\codeigniter4\framework\system\Commands\Server\rewrite.php(34): require_once('C:\\xampp\\htdocs...')
#9 {main}
CRITICAL - 2020-07-15 13:52:19 --> syntax error, unexpected '=>' (T_DOUBLE_ARROW), expecting ']'
#0 C:\xampp\htdocs\rpg\vendor\codeigniter4\framework\system\Common.php(1087): CodeIgniter\View\View->render('ajax/AtkDef.php', Array, true)
#1 C:\xampp\htdocs\rpg\app\Controllers\PlayerController.php(121): view('ajax/AtkDef.php', Array)
#2 C:\xampp\htdocs\rpg\vendor\codeigniter4\framework\system\CodeIgniter.php(914): App\Controllers\PlayerController->UpdateAtkDef()
#3 C:\xampp\htdocs\rpg\vendor\codeigniter4\framework\system\CodeIgniter.php(400): CodeIgniter\CodeIgniter->runController(Object(App\Controllers\PlayerController))
#4 C:\xampp\htdocs\rpg\vendor\codeigniter4\framework\system\CodeIgniter.php(308): CodeIgniter\CodeIgniter->handleRequest(NULL, Object(Config\Cache), false)
#5 C:\xampp\htdocs\rpg\public\index.php(45): CodeIgniter\CodeIgniter->run()
#6 C:\xampp\htdocs\rpg\vendor\codeigniter4\framework\system\Commands\Server\rewrite.php(34): require_once('C:\\xampp\\htdocs...')
#7 {main}
CRITICAL - 2020-07-15 13:52:39 --> syntax error, unexpected ')', expecting ']'
#0 C:\xampp\htdocs\rpg\vendor\codeigniter4\framework\system\Common.php(1087): CodeIgniter\View\View->render('ajax/AtkDef.php', Array, true)
#1 C:\xampp\htdocs\rpg\app\Controllers\PlayerController.php(121): view('ajax/AtkDef.php', Array)
#2 C:\xampp\htdocs\rpg\vendor\codeigniter4\framework\system\CodeIgniter.php(914): App\Controllers\PlayerController->UpdateAtkDef()
#3 C:\xampp\htdocs\rpg\vendor\codeigniter4\framework\system\CodeIgniter.php(400): CodeIgniter\CodeIgniter->runController(Object(App\Controllers\PlayerController))
#4 C:\xampp\htdocs\rpg\vendor\codeigniter4\framework\system\CodeIgniter.php(308): CodeIgniter\CodeIgniter->handleRequest(NULL, Object(Config\Cache), false)
#5 C:\xampp\htdocs\rpg\public\index.php(45): CodeIgniter\CodeIgniter->run()
#6 C:\xampp\htdocs\rpg\vendor\codeigniter4\framework\system\Commands\Server\rewrite.php(34): require_once('C:\\xampp\\htdocs...')
#7 {main}
CRITICAL - 2020-07-15 14:54:53 --> Undefined index: category
#0 C:\xampp\htdocs\rpg\app\Views\ajax\EquipmentInfo.php(1): CodeIgniter\Debug\Exceptions->errorHandler(8, 'Undefined index...', 'C:\\xampp\\htdocs...', 1, Array)
#1 C:\xampp\htdocs\rpg\vendor\codeigniter4\framework\system\View\View.php(246): include('C:\\xampp\\htdocs...')
#2 C:\xampp\htdocs\rpg\vendor\codeigniter4\framework\system\Common.php(1087): CodeIgniter\View\View->render('ajax/EquipmentI...', Array, true)
#3 C:\xampp\htdocs\rpg\app\Controllers\PlayerController.php(121): view('ajax/EquipmentI...', Array)
#4 C:\xampp\htdocs\rpg\vendor\codeigniter4\framework\system\CodeIgniter.php(914): App\Controllers\PlayerController->EquipmentInfo()
#5 C:\xampp\htdocs\rpg\vendor\codeigniter4\framework\system\CodeIgniter.php(400): CodeIgniter\CodeIgniter->runController(Object(App\Controllers\PlayerController))
#6 C:\xampp\htdocs\rpg\vendor\codeigniter4\framework\system\CodeIgniter.php(308): CodeIgniter\CodeIgniter->handleRequest(NULL, Object(Config\Cache), false)
#7 C:\xampp\htdocs\rpg\public\index.php(45): CodeIgniter\CodeIgniter->run()
#8 C:\xampp\htdocs\rpg\vendor\codeigniter4\framework\system\Commands\Server\rewrite.php(34): require_once('C:\\xampp\\htdocs...')
#9 {main}
CRITICAL - 2020-07-15 14:59:28 --> Cannot use object of type stdClass as array
#0 C:\xampp\htdocs\rpg\vendor\codeigniter4\framework\system\View\View.php(246): include()
#1 C:\xampp\htdocs\rpg\vendor\codeigniter4\framework\system\Common.php(1087): CodeIgniter\View\View->render('ajax/EquipmentI...', Array, true)
#2 C:\xampp\htdocs\rpg\app\Controllers\PlayerController.php(121): view('ajax/EquipmentI...', Array)
#3 C:\xampp\htdocs\rpg\vendor\codeigniter4\framework\system\CodeIgniter.php(914): App\Controllers\PlayerController->EquipmentInfo()
#4 C:\xampp\htdocs\rpg\vendor\codeigniter4\framework\system\CodeIgniter.php(400): CodeIgniter\CodeIgniter->runController(Object(App\Controllers\PlayerController))
#5 C:\xampp\htdocs\rpg\vendor\codeigniter4\framework\system\CodeIgniter.php(308): CodeIgniter\CodeIgniter->handleRequest(NULL, Object(Config\Cache), false)
#6 C:\xampp\htdocs\rpg\public\index.php(45): CodeIgniter\CodeIgniter->run()
#7 C:\xampp\htdocs\rpg\vendor\codeigniter4\framework\system\Commands\Server\rewrite.php(34): require_once('C:\\xampp\\htdocs...')
#8 {main}
CRITICAL - 2020-07-15 15:00:01 --> Undefined index: category
#0 C:\xampp\htdocs\rpg\app\Views\ajax\EquipmentInfo.php(1): CodeIgniter\Debug\Exceptions->errorHandler(8, 'Undefined index...', 'C:\\xampp\\htdocs...', 1, Array)
#1 C:\xampp\htdocs\rpg\vendor\codeigniter4\framework\system\View\View.php(246): include('C:\\xampp\\htdocs...')
#2 C:\xampp\htdocs\rpg\vendor\codeigniter4\framework\system\Common.php(1087): CodeIgniter\View\View->render('ajax/EquipmentI...', Array, true)
#3 C:\xampp\htdocs\rpg\app\Controllers\PlayerController.php(121): view('ajax/EquipmentI...', Array)
#4 C:\xampp\htdocs\rpg\vendor\codeigniter4\framework\system\CodeIgniter.php(914): App\Controllers\PlayerController->EquipmentInfo()
#5 C:\xampp\htdocs\rpg\vendor\codeigniter4\framework\system\CodeIgniter.php(400): CodeIgniter\CodeIgniter->runController(Object(App\Controllers\PlayerController))
#6 C:\xampp\htdocs\rpg\vendor\codeigniter4\framework\system\CodeIgniter.php(308): CodeIgniter\CodeIgniter->handleRequest(NULL, Object(Config\Cache), false)
#7 C:\xampp\htdocs\rpg\public\index.php(45): CodeIgniter\CodeIgniter->run()
#8 C:\xampp\htdocs\rpg\vendor\codeigniter4\framework\system\Commands\Server\rewrite.php(34): require_once('C:\\xampp\\htdocs...')
#9 {main}
CRITICAL - 2020-07-15 15:00:18 --> Undefined index: category
#0 C:\xampp\htdocs\rpg\app\Views\ajax\EquipmentInfo.php(1): CodeIgniter\Debug\Exceptions->errorHandler(8, 'Undefined index...', 'C:\\xampp\\htdocs...', 1, Array)
#1 C:\xampp\htdocs\rpg\vendor\codeigniter4\framework\system\View\View.php(246): include('C:\\xampp\\htdocs...')
#2 C:\xampp\htdocs\rpg\vendor\codeigniter4\framework\system\Common.php(1087): CodeIgniter\View\View->render('ajax/EquipmentI...', Array, true)
#3 C:\xampp\htdocs\rpg\app\Controllers\PlayerController.php(121): view('ajax/EquipmentI...', Array)
#4 C:\xampp\htdocs\rpg\vendor\codeigniter4\framework\system\CodeIgniter.php(914): App\Controllers\PlayerController->EquipmentInfo()
#5 C:\xampp\htdocs\rpg\vendor\codeigniter4\framework\system\CodeIgniter.php(400): CodeIgniter\CodeIgniter->runController(Object(App\Controllers\PlayerController))
#6 C:\xampp\htdocs\rpg\vendor\codeigniter4\framework\system\CodeIgniter.php(308): CodeIgniter\CodeIgniter->handleRequest(NULL, Object(Config\Cache), false)
#7 C:\xampp\htdocs\rpg\public\index.php(45): CodeIgniter\CodeIgniter->run()
#8 C:\xampp\htdocs\rpg\vendor\codeigniter4\framework\system\Commands\Server\rewrite.php(34): require_once('C:\\xampp\\htdocs...')
#9 {main}
CRITICAL - 2020-07-15 15:00:31 --> Array to string conversion
#0 C:\xampp\htdocs\rpg\app\Views\ajax\EquipmentInfo.php(1): CodeIgniter\Debug\Exceptions->errorHandler(8, 'Array to string...', 'C:\\xampp\\htdocs...', 1, Array)
#1 C:\xampp\htdocs\rpg\vendor\codeigniter4\framework\system\View\View.php(246): include('C:\\xampp\\htdocs...')
#2 C:\xampp\htdocs\rpg\vendor\codeigniter4\framework\system\Common.php(1087): CodeIgniter\View\View->render('ajax/EquipmentI...', Array, true)
#3 C:\xampp\htdocs\rpg\app\Controllers\PlayerController.php(121): view('ajax/EquipmentI...', Array)
#4 C:\xampp\htdocs\rpg\vendor\codeigniter4\framework\system\CodeIgniter.php(914): App\Controllers\PlayerController->EquipmentInfo()
#5 C:\xampp\htdocs\rpg\vendor\codeigniter4\framework\system\CodeIgniter.php(400): CodeIgniter\CodeIgniter->runController(Object(App\Controllers\PlayerController))
#6 C:\xampp\htdocs\rpg\vendor\codeigniter4\framework\system\CodeIgniter.php(308): CodeIgniter\CodeIgniter->handleRequest(NULL, Object(Config\Cache), false)
#7 C:\xampp\htdocs\rpg\public\index.php(45): CodeIgniter\CodeIgniter->run()
#8 C:\xampp\htdocs\rpg\vendor\codeigniter4\framework\system\Commands\Server\rewrite.php(34): require_once('C:\\xampp\\htdocs...')
#9 {main}
CRITICAL - 2020-07-15 15:17:35 --> Undefined index: idItem
#0 C:\xampp\htdocs\rpg\app\Views\ajax\EquipmentInfo.php(2): CodeIgniter\Debug\Exceptions->errorHandler(8, 'Undefined index...', 'C:\\xampp\\htdocs...', 2, Array)
#1 C:\xampp\htdocs\rpg\vendor\codeigniter4\framework\system\View\View.php(246): include('C:\\xampp\\htdocs...')
#2 C:\xampp\htdocs\rpg\vendor\codeigniter4\framework\system\Common.php(1087): CodeIgniter\View\View->render('ajax/EquipmentI...', Array, true)
#3 C:\xampp\htdocs\rpg\app\Controllers\PlayerController.php(121): view('ajax/EquipmentI...', Array)
#4 C:\xampp\htdocs\rpg\vendor\codeigniter4\framework\system\CodeIgniter.php(914): App\Controllers\PlayerController->EquipmentInfo()
#5 C:\xampp\htdocs\rpg\vendor\codeigniter4\framework\system\CodeIgniter.php(400): CodeIgniter\CodeIgniter->runController(Object(App\Controllers\PlayerController))
#6 C:\xampp\htdocs\rpg\vendor\codeigniter4\framework\system\CodeIgniter.php(308): CodeIgniter\CodeIgniter->handleRequest(NULL, Object(Config\Cache), false)
#7 C:\xampp\htdocs\rpg\public\index.php(45): CodeIgniter\CodeIgniter->run()
#8 C:\xampp\htdocs\rpg\vendor\codeigniter4\framework\system\Commands\Server\rewrite.php(34): require_once('C:\\xampp\\htdocs...')
#9 {main}
CRITICAL - 2020-07-15 15:37:26 --> You have an error in your SQL syntax; check the manual that corresponds to your MariaDB server version for the right syntax to use near 'ASC
                            FROM item 
                            JOIN in' at line 1
#0 C:\xampp\htdocs\rpg\vendor\codeigniter4\framework\system\Database\MySQLi\Connection.php(331): mysqli->query('SELECT inventor...')
#1 C:\xampp\htdocs\rpg\vendor\codeigniter4\framework\system\Database\BaseConnection.php(738): CodeIgniter\Database\MySQLi\Connection->execute('SELECT inventor...')
#2 C:\xampp\htdocs\rpg\vendor\codeigniter4\framework\system\Database\BaseConnection.php(666): CodeIgniter\Database\BaseConnection->simpleQuery('SELECT inventor...')
#3 C:\xampp\htdocs\rpg\app\Models\InventoryModel.php(38): CodeIgniter\Database\BaseConnection->query('SELECT inventor...')
#4 C:\xampp\htdocs\rpg\app\Controllers\PlayerController.php(119): App\Models\InventoryModel->EquipmentInfo()
#5 C:\xampp\htdocs\rpg\vendor\codeigniter4\framework\system\CodeIgniter.php(914): App\Controllers\PlayerController->EquipmentInfo()
#6 C:\xampp\htdocs\rpg\vendor\codeigniter4\framework\system\CodeIgniter.php(400): CodeIgniter\CodeIgniter->runController(Object(App\Controllers\PlayerController))
#7 C:\xampp\htdocs\rpg\vendor\codeigniter4\framework\system\CodeIgniter.php(308): CodeIgniter\CodeIgniter->handleRequest(NULL, Object(Config\Cache), false)
#8 C:\xampp\htdocs\rpg\public\index.php(45): CodeIgniter\CodeIgniter->run()
#9 C:\xampp\htdocs\rpg\vendor\codeigniter4\framework\system\Commands\Server\rewrite.php(34): require_once('C:\\xampp\\htdocs...')
#10 {main}
