CRITICAL - 2020-07-08 18:41:38 --> Undefined variable: LevelLeaderboard
#0 C:\xampp\htdocs\rpg\app\Views\PlayerHome.php(80): CodeIgniter\Debug\Exceptions->errorHandler(8, 'Undefined varia...', 'C:\\xampp\\htdocs...', 80, Array)
#1 C:\xampp\htdocs\rpg\vendor\codeigniter4\framework\system\View\View.php(246): include('C:\\xampp\\htdocs...')
#2 C:\xampp\htdocs\rpg\vendor\codeigniter4\framework\system\Common.php(1087): CodeIgniter\View\View->render('PlayerHome.php', Array, true)
#3 C:\xampp\htdocs\rpg\app\Controllers\PlayerController.php(21): view('PlayerHome.php', Array)
#4 C:\xampp\htdocs\rpg\vendor\codeigniter4\framework\system\CodeIgniter.php(914): App\Controllers\PlayerController->index()
#5 C:\xampp\htdocs\rpg\vendor\codeigniter4\framework\system\CodeIgniter.php(400): CodeIgniter\CodeIgniter->runController(Object(App\Controllers\PlayerController))
#6 C:\xampp\htdocs\rpg\vendor\codeigniter4\framework\system\CodeIgniter.php(308): CodeIgniter\CodeIgniter->handleRequest(NULL, Object(Config\Cache), false)
#7 C:\xampp\htdocs\rpg\public\index.php(45): CodeIgniter\CodeIgniter->run()
#8 C:\xampp\htdocs\rpg\vendor\codeigniter4\framework\system\Commands\Server\rewrite.php(34): require_once('C:\\xampp\\htdocs...')
#9 {main}
CRITICAL - 2020-07-08 18:42:47 --> Undefined index: username
#0 C:\xampp\htdocs\rpg\app\Views\PlayerHome.php(80): CodeIgniter\Debug\Exceptions->errorHandler(8, 'Undefined index...', 'C:\\xampp\\htdocs...', 80, Array)
#1 C:\xampp\htdocs\rpg\vendor\codeigniter4\framework\system\View\View.php(246): include('C:\\xampp\\htdocs...')
#2 C:\xampp\htdocs\rpg\vendor\codeigniter4\framework\system\Common.php(1087): CodeIgniter\View\View->render('PlayerHome.php', Array, true)
#3 C:\xampp\htdocs\rpg\app\Controllers\PlayerController.php(20): view('PlayerHome.php', Array)
#4 C:\xampp\htdocs\rpg\vendor\codeigniter4\framework\system\CodeIgniter.php(914): App\Controllers\PlayerController->index()
#5 C:\xampp\htdocs\rpg\vendor\codeigniter4\framework\system\CodeIgniter.php(400): CodeIgniter\CodeIgniter->runController(Object(App\Controllers\PlayerController))
#6 C:\xampp\htdocs\rpg\vendor\codeigniter4\framework\system\CodeIgniter.php(308): CodeIgniter\CodeIgniter->handleRequest(NULL, Object(Config\Cache), false)
#7 C:\xampp\htdocs\rpg\public\index.php(45): CodeIgniter\CodeIgniter->run()
#8 C:\xampp\htdocs\rpg\vendor\codeigniter4\framework\system\Commands\Server\rewrite.php(34): require_once('C:\\xampp\\htdocs...')
#9 {main}
CRITICAL - 2020-07-08 18:42:49 --> Undefined index: username
#0 C:\xampp\htdocs\rpg\app\Views\PlayerHome.php(80): CodeIgniter\Debug\Exceptions->errorHandler(8, 'Undefined index...', 'C:\\xampp\\htdocs...', 80, Array)
#1 C:\xampp\htdocs\rpg\vendor\codeigniter4\framework\system\View\View.php(246): include('C:\\xampp\\htdocs...')
#2 C:\xampp\htdocs\rpg\vendor\codeigniter4\framework\system\Common.php(1087): CodeIgniter\View\View->render('PlayerHome.php', Array, true)
#3 C:\xampp\htdocs\rpg\app\Controllers\PlayerController.php(20): view('PlayerHome.php', Array)
#4 C:\xampp\htdocs\rpg\vendor\codeigniter4\framework\system\CodeIgniter.php(914): App\Controllers\PlayerController->index()
#5 C:\xampp\htdocs\rpg\vendor\codeigniter4\framework\system\CodeIgniter.php(400): CodeIgniter\CodeIgniter->runController(Object(App\Controllers\PlayerController))
#6 C:\xampp\htdocs\rpg\vendor\codeigniter4\framework\system\CodeIgniter.php(308): CodeIgniter\CodeIgniter->handleRequest(NULL, Object(Config\Cache), false)
#7 C:\xampp\htdocs\rpg\public\index.php(45): CodeIgniter\CodeIgniter->run()
#8 C:\xampp\htdocs\rpg\vendor\codeigniter4\framework\system\Commands\Server\rewrite.php(34): require_once('C:\\xampp\\htdocs...')
#9 {main}
CRITICAL - 2020-07-08 18:43:29 --> Undefined index: username
#0 C:\xampp\htdocs\rpg\app\Views\PlayerHome.php(80): CodeIgniter\Debug\Exceptions->errorHandler(8, 'Undefined index...', 'C:\\xampp\\htdocs...', 80, Array)
#1 C:\xampp\htdocs\rpg\vendor\codeigniter4\framework\system\View\View.php(246): include('C:\\xampp\\htdocs...')
#2 C:\xampp\htdocs\rpg\vendor\codeigniter4\framework\system\Common.php(1087): CodeIgniter\View\View->render('PlayerHome.php', Array, true)
#3 C:\xampp\htdocs\rpg\app\Controllers\PlayerController.php(20): view('PlayerHome.php', Array)
#4 C:\xampp\htdocs\rpg\vendor\codeigniter4\framework\system\CodeIgniter.php(914): App\Controllers\PlayerController->index()
#5 C:\xampp\htdocs\rpg\vendor\codeigniter4\framework\system\CodeIgniter.php(400): CodeIgniter\CodeIgniter->runController(Object(App\Controllers\PlayerController))
#6 C:\xampp\htdocs\rpg\vendor\codeigniter4\framework\system\CodeIgniter.php(308): CodeIgniter\CodeIgniter->handleRequest(NULL, Object(Config\Cache), false)
#7 C:\xampp\htdocs\rpg\public\index.php(45): CodeIgniter\CodeIgniter->run()
#8 C:\xampp\htdocs\rpg\vendor\codeigniter4\framework\system\Commands\Server\rewrite.php(34): require_once('C:\\xampp\\htdocs...')
#9 {main}
CRITICAL - 2020-07-08 18:43:34 --> Undefined variable: LevelLeaderboard
#0 C:\xampp\htdocs\rpg\app\Views\PlayerHome.php(80): CodeIgniter\Debug\Exceptions->errorHandler(8, 'Undefined varia...', 'C:\\xampp\\htdocs...', 80, Array)
#1 C:\xampp\htdocs\rpg\vendor\codeigniter4\framework\system\View\View.php(246): include('C:\\xampp\\htdocs...')
#2 C:\xampp\htdocs\rpg\vendor\codeigniter4\framework\system\Common.php(1087): CodeIgniter\View\View->render('PlayerHome.php', Array, true)
#3 C:\xampp\htdocs\rpg\app\Controllers\PlayerController.php(20): view('PlayerHome.php', Array)
#4 C:\xampp\htdocs\rpg\vendor\codeigniter4\framework\system\CodeIgniter.php(914): App\Controllers\PlayerController->index()
#5 C:\xampp\htdocs\rpg\vendor\codeigniter4\framework\system\CodeIgniter.php(400): CodeIgniter\CodeIgniter->runController(Object(App\Controllers\PlayerController))
#6 C:\xampp\htdocs\rpg\vendor\codeigniter4\framework\system\CodeIgniter.php(308): CodeIgniter\CodeIgniter->handleRequest(NULL, Object(Config\Cache), false)
#7 C:\xampp\htdocs\rpg\public\index.php(45): CodeIgniter\CodeIgniter->run()
#8 C:\xampp\htdocs\rpg\vendor\codeigniter4\framework\system\Commands\Server\rewrite.php(34): require_once('C:\\xampp\\htdocs...')
#9 {main}
CRITICAL - 2020-07-08 18:43:43 --> Undefined variable: LevelLeaderboard
#0 C:\xampp\htdocs\rpg\app\Views\PlayerHome.php(80): CodeIgniter\Debug\Exceptions->errorHandler(8, 'Undefined varia...', 'C:\\xampp\\htdocs...', 80, Array)
#1 C:\xampp\htdocs\rpg\vendor\codeigniter4\framework\system\View\View.php(246): include('C:\\xampp\\htdocs...')
#2 C:\xampp\htdocs\rpg\vendor\codeigniter4\framework\system\Common.php(1087): CodeIgniter\View\View->render('PlayerHome.php', Array, true)
#3 C:\xampp\htdocs\rpg\app\Controllers\PlayerController.php(20): view('PlayerHome.php', Array)
#4 C:\xampp\htdocs\rpg\vendor\codeigniter4\framework\system\CodeIgniter.php(914): App\Controllers\PlayerController->index()
#5 C:\xampp\htdocs\rpg\vendor\codeigniter4\framework\system\CodeIgniter.php(400): CodeIgniter\CodeIgniter->runController(Object(App\Controllers\PlayerController))
#6 C:\xampp\htdocs\rpg\vendor\codeigniter4\framework\system\CodeIgniter.php(308): CodeIgniter\CodeIgniter->handleRequest(NULL, Object(Config\Cache), false)
#7 C:\xampp\htdocs\rpg\public\index.php(45): CodeIgniter\CodeIgniter->run()
#8 C:\xampp\htdocs\rpg\vendor\codeigniter4\framework\system\Commands\Server\rewrite.php(34): require_once('C:\\xampp\\htdocs...')
#9 {main}
CRITICAL - 2020-07-08 18:46:53 --> Undefined variable: username
#0 C:\xampp\htdocs\rpg\app\Controllers\PlayerController.php(18): CodeIgniter\Debug\Exceptions->errorHandler(8, 'Undefined varia...', 'C:\\xampp\\htdocs...', 18, Array)
#1 C:\xampp\htdocs\rpg\vendor\codeigniter4\framework\system\CodeIgniter.php(914): App\Controllers\PlayerController->index()
#2 C:\xampp\htdocs\rpg\vendor\codeigniter4\framework\system\CodeIgniter.php(400): CodeIgniter\CodeIgniter->runController(Object(App\Controllers\PlayerController))
#3 C:\xampp\htdocs\rpg\vendor\codeigniter4\framework\system\CodeIgniter.php(308): CodeIgniter\CodeIgniter->handleRequest(NULL, Object(Config\Cache), false)
#4 C:\xampp\htdocs\rpg\public\index.php(45): CodeIgniter\CodeIgniter->run()
#5 C:\xampp\htdocs\rpg\vendor\codeigniter4\framework\system\Commands\Server\rewrite.php(34): require_once('C:\\xampp\\htdocs...')
#6 {main}
CRITICAL - 2020-07-08 18:49:17 --> Array to string conversion
#0 C:\xampp\htdocs\rpg\app\Views\PlayerHome.php(80): CodeIgniter\Debug\Exceptions->errorHandler(8, 'Array to string...', 'C:\\xampp\\htdocs...', 80, Array)
#1 C:\xampp\htdocs\rpg\vendor\codeigniter4\framework\system\View\View.php(246): include('C:\\xampp\\htdocs...')
#2 C:\xampp\htdocs\rpg\vendor\codeigniter4\framework\system\Common.php(1087): CodeIgniter\View\View->render('PlayerHome.php', Array, true)
#3 C:\xampp\htdocs\rpg\app\Controllers\PlayerController.php(20): view('PlayerHome.php', Array)
#4 C:\xampp\htdocs\rpg\vendor\codeigniter4\framework\system\CodeIgniter.php(914): App\Controllers\PlayerController->index()
#5 C:\xampp\htdocs\rpg\vendor\codeigniter4\framework\system\CodeIgniter.php(400): CodeIgniter\CodeIgniter->runController(Object(App\Controllers\PlayerController))
#6 C:\xampp\htdocs\rpg\vendor\codeigniter4\framework\system\CodeIgniter.php(308): CodeIgniter\CodeIgniter->handleRequest(NULL, Object(Config\Cache), false)
#7 C:\xampp\htdocs\rpg\public\index.php(45): CodeIgniter\CodeIgniter->run()
#8 C:\xampp\htdocs\rpg\vendor\codeigniter4\framework\system\Commands\Server\rewrite.php(34): require_once('C:\\xampp\\htdocs...')
#9 {main}
CRITICAL - 2020-07-08 18:50:04 --> Array to string conversion
#0 C:\xampp\htdocs\rpg\app\Views\PlayerHome.php(80): CodeIgniter\Debug\Exceptions->errorHandler(8, 'Array to string...', 'C:\\xampp\\htdocs...', 80, Array)
#1 C:\xampp\htdocs\rpg\vendor\codeigniter4\framework\system\View\View.php(246): include('C:\\xampp\\htdocs...')
#2 C:\xampp\htdocs\rpg\vendor\codeigniter4\framework\system\Common.php(1087): CodeIgniter\View\View->render('PlayerHome.php', Array, true)
#3 C:\xampp\htdocs\rpg\app\Controllers\PlayerController.php(20): view('PlayerHome.php', Array)
#4 C:\xampp\htdocs\rpg\vendor\codeigniter4\framework\system\CodeIgniter.php(914): App\Controllers\PlayerController->index()
#5 C:\xampp\htdocs\rpg\vendor\codeigniter4\framework\system\CodeIgniter.php(400): CodeIgniter\CodeIgniter->runController(Object(App\Controllers\PlayerController))
#6 C:\xampp\htdocs\rpg\vendor\codeigniter4\framework\system\CodeIgniter.php(308): CodeIgniter\CodeIgniter->handleRequest(NULL, Object(Config\Cache), false)
#7 C:\xampp\htdocs\rpg\public\index.php(45): CodeIgniter\CodeIgniter->run()
#8 C:\xampp\htdocs\rpg\vendor\codeigniter4\framework\system\Commands\Server\rewrite.php(34): require_once('C:\\xampp\\htdocs...')
#9 {main}
CRITICAL - 2020-07-08 18:50:15 --> Undefined index: username
#0 C:\xampp\htdocs\rpg\app\Views\PlayerHome.php(80): CodeIgniter\Debug\Exceptions->errorHandler(8, 'Undefined index...', 'C:\\xampp\\htdocs...', 80, Array)
#1 C:\xampp\htdocs\rpg\vendor\codeigniter4\framework\system\View\View.php(246): include('C:\\xampp\\htdocs...')
#2 C:\xampp\htdocs\rpg\vendor\codeigniter4\framework\system\Common.php(1087): CodeIgniter\View\View->render('PlayerHome.php', Array, true)
#3 C:\xampp\htdocs\rpg\app\Controllers\PlayerController.php(20): view('PlayerHome.php', Array)
#4 C:\xampp\htdocs\rpg\vendor\codeigniter4\framework\system\CodeIgniter.php(914): App\Controllers\PlayerController->index()
#5 C:\xampp\htdocs\rpg\vendor\codeigniter4\framework\system\CodeIgniter.php(400): CodeIgniter\CodeIgniter->runController(Object(App\Controllers\PlayerController))
#6 C:\xampp\htdocs\rpg\vendor\codeigniter4\framework\system\CodeIgniter.php(308): CodeIgniter\CodeIgniter->handleRequest(NULL, Object(Config\Cache), false)
#7 C:\xampp\htdocs\rpg\public\index.php(45): CodeIgniter\CodeIgniter->run()
#8 C:\xampp\htdocs\rpg\vendor\codeigniter4\framework\system\Commands\Server\rewrite.php(34): require_once('C:\\xampp\\htdocs...')
#9 {main}
CRITICAL - 2020-07-08 18:59:14 --> Allowed memory size of 134217728 bytes exhausted (tried to allocate 65028096 bytes)
#0 [internal function]: CodeIgniter\Debug\Exceptions->shutdownHandler()
#1 {main}
CRITICAL - 2020-07-08 19:02:32 --> Call to a member function limit() on array
#0 C:\xampp\htdocs\rpg\vendor\codeigniter4\framework\system\CodeIgniter.php(914): App\Controllers\PlayerController->index()
#1 C:\xampp\htdocs\rpg\vendor\codeigniter4\framework\system\CodeIgniter.php(400): CodeIgniter\CodeIgniter->runController(Object(App\Controllers\PlayerController))
#2 C:\xampp\htdocs\rpg\vendor\codeigniter4\framework\system\CodeIgniter.php(308): CodeIgniter\CodeIgniter->handleRequest(NULL, Object(Config\Cache), false)
#3 C:\xampp\htdocs\rpg\public\index.php(45): CodeIgniter\CodeIgniter->run()
#4 C:\xampp\htdocs\rpg\vendor\codeigniter4\framework\system\Commands\Server\rewrite.php(34): require_once('C:\\xampp\\htdocs...')
#5 {main}
CRITICAL - 2020-07-08 19:05:31 --> syntax error, unexpected '{'
#0 C:\xampp\htdocs\rpg\vendor\codeigniter4\framework\system\Common.php(1087): CodeIgniter\View\View->render('PlayerHome.php', Array, true)
#1 C:\xampp\htdocs\rpg\app\Controllers\PlayerController.php(20): view('PlayerHome.php', Array)
#2 C:\xampp\htdocs\rpg\vendor\codeigniter4\framework\system\CodeIgniter.php(914): App\Controllers\PlayerController->index()
#3 C:\xampp\htdocs\rpg\vendor\codeigniter4\framework\system\CodeIgniter.php(400): CodeIgniter\CodeIgniter->runController(Object(App\Controllers\PlayerController))
#4 C:\xampp\htdocs\rpg\vendor\codeigniter4\framework\system\CodeIgniter.php(308): CodeIgniter\CodeIgniter->handleRequest(NULL, Object(Config\Cache), false)
#5 C:\xampp\htdocs\rpg\public\index.php(45): CodeIgniter\CodeIgniter->run()
#6 C:\xampp\htdocs\rpg\vendor\codeigniter4\framework\system\Commands\Server\rewrite.php(34): require_once('C:\\xampp\\htdocs...')
#7 {main}
