CRITICAL - 2020-06-13 19:38:32 --> Class 'SQLite3' not found
#0 C:\xampp\htdocs\rpg\vendor\codeigniter4\framework\system\Database\BaseConnection.php(377): CodeIgniter\Database\SQLite3\Connection->connect(false)
#1 C:\xampp\htdocs\rpg\vendor\codeigniter4\framework\system\Database\Database.php(109): CodeIgniter\Database\BaseConnection->initialize()
#2 C:\xampp\htdocs\rpg\vendor\codeigniter4\framework\system\Database\Config.php(148): CodeIgniter\Database\Database->loadForge(Object(CodeIgniter\Database\SQLite3\Connection))
#3 C:\xampp\htdocs\rpg\vendor\codeigniter4\framework\system\Database\Migration.php(78): CodeIgniter\Database\Config::forge('tests')
#4 C:\xampp\htdocs\rpg\vendor\codeigniter4\framework\system\Database\MigrationRunner.php(1026): CodeIgniter\Database\Migration->__construct()
#5 C:\xampp\htdocs\rpg\vendor\codeigniter4\framework\system\Database\MigrationRunner.php(223): CodeIgniter\Database\MigrationRunner->migrate('up', Object(stdClass))
#6 C:\xampp\htdocs\rpg\vendor\codeigniter4\framework\system\Commands\Database\Migrate.php(128): CodeIgniter\Database\MigrationRunner->latest(NULL)
#7 C:\xampp\htdocs\rpg\vendor\codeigniter4\framework\system\CLI\CommandRunner.php(137): CodeIgniter\Commands\Database\Migrate->run(Array)
#8 C:\xampp\htdocs\rpg\vendor\codeigniter4\framework\system\CLI\CommandRunner.php(110): CodeIgniter\CLI\CommandRunner->runCommand('migrate', Array)
#9 C:\xampp\htdocs\rpg\vendor\codeigniter4\framework\system\CLI\CommandRunner.php(86): CodeIgniter\CLI\CommandRunner->index(Array)
#10 C:\xampp\htdocs\rpg\vendor\codeigniter4\framework\system\CodeIgniter.php(910): CodeIgniter\CLI\CommandRunner->_remap('index', 'migrate')
#11 C:\xampp\htdocs\rpg\vendor\codeigniter4\framework\system\CodeIgniter.php(400): CodeIgniter\CodeIgniter->runController(Object(CodeIgniter\CLI\CommandRunner))
#12 C:\xampp\htdocs\rpg\vendor\codeigniter4\framework\system\CodeIgniter.php(308): CodeIgniter\CodeIgniter->handleRequest(NULL, Object(Config\Cache), false)
#13 C:\xampp\htdocs\rpg\vendor\codeigniter4\framework\system\CLI\Console.php(86): CodeIgniter\CodeIgniter->run()
#14 C:\xampp\htdocs\rpg\spark(57): CodeIgniter\CLI\Console->run()
#15 {main}
CRITICAL - 2020-06-13 19:49:58 --> Class 'SQLite3' not found
#0 C:\xampp\htdocs\rpg\vendor\codeigniter4\framework\system\Database\BaseConnection.php(377): CodeIgniter\Database\SQLite3\Connection->connect(false)
#1 C:\xampp\htdocs\rpg\vendor\codeigniter4\framework\system\Database\Database.php(109): CodeIgniter\Database\BaseConnection->initialize()
#2 C:\xampp\htdocs\rpg\vendor\codeigniter4\framework\system\Database\Config.php(148): CodeIgniter\Database\Database->loadForge(Object(CodeIgniter\Database\SQLite3\Connection))
#3 C:\xampp\htdocs\rpg\vendor\codeigniter4\framework\system\Database\Migration.php(78): CodeIgniter\Database\Config::forge('tests')
#4 C:\xampp\htdocs\rpg\vendor\codeigniter4\framework\system\Database\MigrationRunner.php(1026): CodeIgniter\Database\Migration->__construct()
#5 C:\xampp\htdocs\rpg\vendor\codeigniter4\framework\system\Database\MigrationRunner.php(223): CodeIgniter\Database\MigrationRunner->migrate('up', Object(stdClass))
#6 C:\xampp\htdocs\rpg\vendor\codeigniter4\framework\system\Commands\Database\Migrate.php(128): CodeIgniter\Database\MigrationRunner->latest(NULL)
#7 C:\xampp\htdocs\rpg\vendor\codeigniter4\framework\system\CLI\CommandRunner.php(137): CodeIgniter\Commands\Database\Migrate->run(Array)
#8 C:\xampp\htdocs\rpg\vendor\codeigniter4\framework\system\CLI\CommandRunner.php(110): CodeIgniter\CLI\CommandRunner->runCommand('migrate', Array)
#9 C:\xampp\htdocs\rpg\vendor\codeigniter4\framework\system\CLI\CommandRunner.php(86): CodeIgniter\CLI\CommandRunner->index(Array)
#10 C:\xampp\htdocs\rpg\vendor\codeigniter4\framework\system\CodeIgniter.php(910): CodeIgniter\CLI\CommandRunner->_remap('index', 'migrate')
#11 C:\xampp\htdocs\rpg\vendor\codeigniter4\framework\system\CodeIgniter.php(400): CodeIgniter\CodeIgniter->runController(Object(CodeIgniter\CLI\CommandRunner))
#12 C:\xampp\htdocs\rpg\vendor\codeigniter4\framework\system\CodeIgniter.php(308): CodeIgniter\CodeIgniter->handleRequest(NULL, Object(Config\Cache), false)
#13 C:\xampp\htdocs\rpg\vendor\codeigniter4\framework\system\CLI\Console.php(86): CodeIgniter\CodeIgniter->run()
#14 C:\xampp\htdocs\rpg\spark(57): CodeIgniter\CLI\Console->run()
#15 {main}
